mode: set
github.com/tempusfrangit/go-xdr/tools/xdrgen/main.go:113.39,114.13 1 1
github.com/tempusfrangit/go-xdr/tools/xdrgen/main.go:114.13,116.3 1 1
github.com/tempusfrangit/go-xdr/tools/xdrgen/main.go:143.37,144.15 1 1
github.com/tempusfrangit/go-xdr/tools/xdrgen/main.go:144.15,146.3 1 1
github.com/tempusfrangit/go-xdr/tools/xdrgen/main.go:149.2,150.20 2 1
github.com/tempusfrangit/go-xdr/tools/xdrgen/main.go:150.20,152.3 1 1
github.com/tempusfrangit/go-xdr/tools/xdrgen/main.go:155.2,156.16 2 1
github.com/tempusfrangit/go-xdr/tools/xdrgen/main.go:161.88,162.30 1 1
github.com/tempusfrangit/go-xdr/tools/xdrgen/main.go:162.30,164.3 1 1
github.com/tempusfrangit/go-xdr/tools/xdrgen/main.go:165.2,165.41 1 1
github.com/tempusfrangit/go-xdr/tools/xdrgen/main.go:165.41,167.3 1 1
github.com/tempusfrangit/go-xdr/tools/xdrgen/main.go:168.2,168.18 1 1
github.com/tempusfrangit/go-xdr/tools/xdrgen/main.go:172.46,173.17 1 1
github.com/tempusfrangit/go-xdr/tools/xdrgen/main.go:174.97,175.14 1 1
github.com/tempusfrangit/go-xdr/tools/xdrgen/main.go:176.10,177.126 1 1
github.com/tempusfrangit/go-xdr/tools/xdrgen/main.go:182.56,185.33 2 1
github.com/tempusfrangit/go-xdr/tools/xdrgen/main.go:185.33,186.41 1 1
github.com/tempusfrangit/go-xdr/tools/xdrgen/main.go:186.41,189.4 1 1
github.com/tempusfrangit/go-xdr/tools/xdrgen/main.go:193.2,194.27 2 1
github.com/tempusfrangit/go-xdr/tools/xdrgen/main.go:194.27,196.3 1 1
github.com/tempusfrangit/go-xdr/tools/xdrgen/main.go:198.2,198.15 1 1
github.com/tempusfrangit/go-xdr/tools/xdrgen/main.go:203.69,205.57 1 1
github.com/tempusfrangit/go-xdr/tools/xdrgen/main.go:205.57,207.3 1 1
github.com/tempusfrangit/go-xdr/tools/xdrgen/main.go:209.2,209.29 1 1
github.com/tempusfrangit/go-xdr/tools/xdrgen/main.go:209.29,210.34 1 1
github.com/tempusfrangit/go-xdr/tools/xdrgen/main.go:210.34,212.30 2 1
github.com/tempusfrangit/go-xdr/tools/xdrgen/main.go:212.30,215.24 2 1
github.com/tempusfrangit/go-xdr/tools/xdrgen/main.go:216.23,217.66 1 1
github.com/tempusfrangit/go-xdr/tools/xdrgen/main.go:218.20,219.63 1 1
github.com/tempusfrangit/go-xdr/tools/xdrgen/main.go:233.46,238.29 3 1
github.com/tempusfrangit/go-xdr/tools/xdrgen/main.go:238.29,240.17 2 1
github.com/tempusfrangit/go-xdr/tools/xdrgen/main.go:240.17,241.12 1 0
github.com/tempusfrangit/go-xdr/tools/xdrgen/main.go:244.3,244.39 1 1
github.com/tempusfrangit/go-xdr/tools/xdrgen/main.go:244.39,251.4 2 1
github.com/tempusfrangit/go-xdr/tools/xdrgen/main.go:251.9,257.4 1 1
github.com/tempusfrangit/go-xdr/tools/xdrgen/main.go:260.2,260.14 1 1
github.com/tempusfrangit/go-xdr/tools/xdrgen/main.go:264.45,265.34 1 1
github.com/tempusfrangit/go-xdr/tools/xdrgen/main.go:265.34,266.42 1 1
github.com/tempusfrangit/go-xdr/tools/xdrgen/main.go:266.42,267.26 1 1
github.com/tempusfrangit/go-xdr/tools/xdrgen/main.go:267.26,269.5 1 1
github.com/tempusfrangit/go-xdr/tools/xdrgen/main.go:272.2,272.14 1 1
github.com/tempusfrangit/go-xdr/tools/xdrgen/main.go:276.56,277.42 1 1
github.com/tempusfrangit/go-xdr/tools/xdrgen/main.go:277.42,278.27 1 1
github.com/tempusfrangit/go-xdr/tools/xdrgen/main.go:278.27,280.4 1 1
github.com/tempusfrangit/go-xdr/tools/xdrgen/main.go:282.2,282.11 1 1
github.com/tempusfrangit/go-xdr/tools/xdrgen/main.go:286.86,287.42 1 1
github.com/tempusfrangit/go-xdr/tools/xdrgen/main.go:287.42,288.38 1 1
github.com/tempusfrangit/go-xdr/tools/xdrgen/main.go:288.38,289.47 1 0
github.com/tempusfrangit/go-xdr/tools/xdrgen/main.go:289.47,291.33 2 0
github.com/tempusfrangit/go-xdr/tools/xdrgen/main.go:291.33,292.26 1 0
github.com/tempusfrangit/go-xdr/tools/xdrgen/main.go:293.20,294.23 1 0
github.com/tempusfrangit/go-xdr/tools/xdrgen/main.go:295.20,296.23 1 0
github.com/tempusfrangit/go-xdr/tools/xdrgen/main.go:301.3,301.14 1 1
github.com/tempusfrangit/go-xdr/tools/xdrgen/main.go:303.2,303.8 1 1
github.com/tempusfrangit/go-xdr/tools/xdrgen/main.go:307.48,308.26 1 1
github.com/tempusfrangit/go-xdr/tools/xdrgen/main.go:309.21,310.34 1 1
github.com/tempusfrangit/go-xdr/tools/xdrgen/main.go:311.18,312.16 1 1
github.com/tempusfrangit/go-xdr/tools/xdrgen/main.go:313.10,314.12 1 0
github.com/tempusfrangit/go-xdr/tools/xdrgen/main.go:319.53,322.16 3 1
github.com/tempusfrangit/go-xdr/tools/xdrgen/main.go:322.16,324.3 1 0
github.com/tempusfrangit/go-xdr/tools/xdrgen/main.go:326.2,332.45 3 1
github.com/tempusfrangit/go-xdr/tools/xdrgen/main.go:332.45,333.45 1 1
github.com/tempusfrangit/go-xdr/tools/xdrgen/main.go:333.45,335.82 2 1
github.com/tempusfrangit/go-xdr/tools/xdrgen/main.go:335.82,339.24 2 1
github.com/tempusfrangit/go-xdr/tools/xdrgen/main.go:339.24,342.33 2 1
github.com/tempusfrangit/go-xdr/tools/xdrgen/main.go:342.33,345.15 1 1
github.com/tempusfrangit/go-xdr/tools/xdrgen/main.go:347.6,347.42 1 1
github.com/tempusfrangit/go-xdr/tools/xdrgen/main.go:354.2,355.45 2 1
github.com/tempusfrangit/go-xdr/tools/xdrgen/main.go:355.45,356.45 1 1
github.com/tempusfrangit/go-xdr/tools/xdrgen/main.go:356.45,358.119 2 1
github.com/tempusfrangit/go-xdr/tools/xdrgen/main.go:358.119,360.10 2 1
github.com/tempusfrangit/go-xdr/tools/xdrgen/main.go:363.3,363.25 1 1
github.com/tempusfrangit/go-xdr/tools/xdrgen/main.go:363.25,364.9 1 1
github.com/tempusfrangit/go-xdr/tools/xdrgen/main.go:368.2,368.42 1 1
github.com/tempusfrangit/go-xdr/tools/xdrgen/main.go:368.42,369.40 1 1
github.com/tempusfrangit/go-xdr/tools/xdrgen/main.go:369.40,370.57 1 1
github.com/tempusfrangit/go-xdr/tools/xdrgen/main.go:370.57,377.27 3 1
github.com/tempusfrangit/go-xdr/tools/xdrgen/main.go:377.27,379.51 1 1
github.com/tempusfrangit/go-xdr/tools/xdrgen/main.go:379.51,380.27 1 1
github.com/tempusfrangit/go-xdr/tools/xdrgen/main.go:380.27,382.41 2 1
github.com/tempusfrangit/go-xdr/tools/xdrgen/main.go:382.41,384.14 2 1
github.com/tempusfrangit/go-xdr/tools/xdrgen/main.go:388.11,391.6 1 1
github.com/tempusfrangit/go-xdr/tools/xdrgen/main.go:393.5,393.24 1 1
github.com/tempusfrangit/go-xdr/tools/xdrgen/main.go:393.24,395.6 1 1
github.com/tempusfrangit/go-xdr/tools/xdrgen/main.go:398.5,399.31 2 1
github.com/tempusfrangit/go-xdr/tools/xdrgen/main.go:399.31,402.6 2 0
github.com/tempusfrangit/go-xdr/tools/xdrgen/main.go:403.5,403.31 1 1
github.com/tempusfrangit/go-xdr/tools/xdrgen/main.go:403.31,407.6 1 0
github.com/tempusfrangit/go-xdr/tools/xdrgen/main.go:409.5,409.50 1 1
github.com/tempusfrangit/go-xdr/tools/xdrgen/main.go:409.50,410.39 1 1
github.com/tempusfrangit/go-xdr/tools/xdrgen/main.go:410.39,417.27 2 1
github.com/tempusfrangit/go-xdr/tools/xdrgen/main.go:417.27,420.8 1 0
github.com/tempusfrangit/go-xdr/tools/xdrgen/main.go:422.7,427.23 4 1
github.com/tempusfrangit/go-xdr/tools/xdrgen/main.go:427.23,430.8 1 0
github.com/tempusfrangit/go-xdr/tools/xdrgen/main.go:433.7,433.24 1 1
github.com/tempusfrangit/go-xdr/tools/xdrgen/main.go:433.24,434.16 1 1
github.com/tempusfrangit/go-xdr/tools/xdrgen/main.go:438.7,446.25 5 1
github.com/tempusfrangit/go-xdr/tools/xdrgen/main.go:446.25,448.8 1 1
github.com/tempusfrangit/go-xdr/tools/xdrgen/main.go:451.7,451.49 1 1
github.com/tempusfrangit/go-xdr/tools/xdrgen/main.go:451.49,454.8 1 0
github.com/tempusfrangit/go-xdr/tools/xdrgen/main.go:456.7,456.59 1 1
github.com/tempusfrangit/go-xdr/tools/xdrgen/main.go:460.5,460.33 1 1
github.com/tempusfrangit/go-xdr/tools/xdrgen/main.go:460.33,462.6 1 1
github.com/tempusfrangit/go-xdr/tools/xdrgen/main.go:465.3,465.14 1 1
github.com/tempusfrangit/go-xdr/tools/xdrgen/main.go:468.2,468.19 1 1
github.com/tempusfrangit/go-xdr/tools/xdrgen/main.go:472.39,473.26 1 1
github.com/tempusfrangit/go-xdr/tools/xdrgen/main.go:474.18,475.16 1 1
github.com/tempusfrangit/go-xdr/tools/xdrgen/main.go:476.25,477.44 1 1
github.com/tempusfrangit/go-xdr/tools/xdrgen/main.go:478.22,479.19 1 1
github.com/tempusfrangit/go-xdr/tools/xdrgen/main.go:479.19,481.4 1 1
github.com/tempusfrangit/go-xdr/tools/xdrgen/main.go:482.3,482.59 1 1
github.com/tempusfrangit/go-xdr/tools/xdrgen/main.go:483.21,484.17 1 1
github.com/tempusfrangit/go-xdr/tools/xdrgen/main.go:485.10,486.30 1 0
github.com/tempusfrangit/go-xdr/tools/xdrgen/main.go:490.13,494.22 3 0
github.com/tempusfrangit/go-xdr/tools/xdrgen/main.go:494.22,524.3 29 0
github.com/tempusfrangit/go-xdr/tools/xdrgen/main.go:526.2,528.21 2 0
github.com/tempusfrangit/go-xdr/tools/xdrgen/main.go:528.21,531.3 2 0
github.com/tempusfrangit/go-xdr/tools/xdrgen/main.go:533.2,537.16 3 0
github.com/tempusfrangit/go-xdr/tools/xdrgen/main.go:537.16,539.3 1 0
github.com/tempusfrangit/go-xdr/tools/xdrgen/main.go:542.2,543.46 2 0
github.com/tempusfrangit/go-xdr/tools/xdrgen/main.go:543.46,545.3 1 0
github.com/tempusfrangit/go-xdr/tools/xdrgen/main.go:545.8,547.3 1 0
github.com/tempusfrangit/go-xdr/tools/xdrgen/main.go:549.2,550.16 2 0
github.com/tempusfrangit/go-xdr/tools/xdrgen/main.go:550.16,552.3 1 0
github.com/tempusfrangit/go-xdr/tools/xdrgen/main.go:554.2,554.21 1 0
github.com/tempusfrangit/go-xdr/tools/xdrgen/main.go:554.21,557.3 2 0
github.com/tempusfrangit/go-xdr/tools/xdrgen/main.go:560.2,565.16 4 0
github.com/tempusfrangit/go-xdr/tools/xdrgen/main.go:565.16,567.3 1 0
github.com/tempusfrangit/go-xdr/tools/xdrgen/main.go:570.2,577.16 4 0
github.com/tempusfrangit/go-xdr/tools/xdrgen/main.go:577.16,579.3 1 0
github.com/tempusfrangit/go-xdr/tools/xdrgen/main.go:580.2,584.33 3 0
github.com/tempusfrangit/go-xdr/tools/xdrgen/main.go:584.33,587.17 2 0
github.com/tempusfrangit/go-xdr/tools/xdrgen/main.go:587.17,589.4 1 0
github.com/tempusfrangit/go-xdr/tools/xdrgen/main.go:590.3,595.17 4 0
github.com/tempusfrangit/go-xdr/tools/xdrgen/main.go:595.17,597.4 1 0
github.com/tempusfrangit/go-xdr/tools/xdrgen/main.go:598.3,603.17 4 0
github.com/tempusfrangit/go-xdr/tools/xdrgen/main.go:603.17,605.4 1 0
github.com/tempusfrangit/go-xdr/tools/xdrgen/main.go:606.3,607.27 2 0
github.com/tempusfrangit/go-xdr/tools/xdrgen/main.go:611.2,611.80 1 0
github.com/tempusfrangit/go-xdr/tools/xdrgen/main.go:611.80,613.3 1 0
github.com/tempusfrangit/go-xdr/tools/xdrgen/main.go:615.2,615.74 1 0
github.com/tempusfrangit/go-xdr/tools/xdrgen/main.go:619.52,620.33 1 1
github.com/tempusfrangit/go-xdr/tools/xdrgen/main.go:620.33,621.36 1 1
github.com/tempusfrangit/go-xdr/tools/xdrgen/main.go:621.36,626.42 3 1
github.com/tempusfrangit/go-xdr/tools/xdrgen/main.go:626.42,627.29 1 1
github.com/tempusfrangit/go-xdr/tools/xdrgen/main.go:627.29,629.6 1 1
github.com/tempusfrangit/go-xdr/tools/xdrgen/main.go:630.5,630.30 1 1
github.com/tempusfrangit/go-xdr/tools/xdrgen/main.go:630.30,632.6 1 1
github.com/tempusfrangit/go-xdr/tools/xdrgen/main.go:636.4,636.30 1 1
github.com/tempusfrangit/go-xdr/tools/xdrgen/main.go:636.30,638.5 1 0
github.com/tempusfrangit/go-xdr/tools/xdrgen/main.go:639.4,639.23 1 1
github.com/tempusfrangit/go-xdr/tools/xdrgen/main.go:639.23,641.5 1 0
github.com/tempusfrangit/go-xdr/tools/xdrgen/main.go:643.4,643.124 1 1
github.com/tempusfrangit/go-xdr/tools/xdrgen/templates.go:52.39,53.18 1 1
github.com/tempusfrangit/go-xdr/tools/xdrgen/templates.go:53.18,55.4 1 1
github.com/tempusfrangit/go-xdr/tools/xdrgen/templates.go:56.3,56.40 1 1
github.com/tempusfrangit/go-xdr/tools/xdrgen/templates.go:67.53,74.16 3 1
github.com/tempusfrangit/go-xdr/tools/xdrgen/templates.go:74.16,76.3 1 0
github.com/tempusfrangit/go-xdr/tools/xdrgen/templates.go:78.2,78.32 1 1
github.com/tempusfrangit/go-xdr/tools/xdrgen/templates.go:78.32,79.65 1 1
github.com/tempusfrangit/go-xdr/tools/xdrgen/templates.go:79.65,82.18 3 1
github.com/tempusfrangit/go-xdr/tools/xdrgen/templates.go:82.18,84.5 1 0
github.com/tempusfrangit/go-xdr/tools/xdrgen/templates.go:86.4,87.18 2 1
github.com/tempusfrangit/go-xdr/tools/xdrgen/templates.go:87.18,89.5 1 0
github.com/tempusfrangit/go-xdr/tools/xdrgen/templates.go:91.4,91.29 1 1
github.com/tempusfrangit/go-xdr/tools/xdrgen/templates.go:95.2,95.16 1 1
github.com/tempusfrangit/go-xdr/tools/xdrgen/templates.go:99.80,102.2 2 1
github.com/tempusfrangit/go-xdr/tools/xdrgen/templates.go:105.91,107.13 2 1
github.com/tempusfrangit/go-xdr/tools/xdrgen/templates.go:107.13,109.3 1 1
github.com/tempusfrangit/go-xdr/tools/xdrgen/templates.go:111.2,113.26 3 1
github.com/tempusfrangit/go-xdr/tools/xdrgen/templates.go:120.13,123.16 3 1
github.com/tempusfrangit/go-xdr/tools/xdrgen/templates.go:123.16,124.13 1 0
github.com/tempusfrangit/go-xdr/tools/xdrgen/templates.go:131.99,139.2 2 1
github.com/tempusfrangit/go-xdr/tools/xdrgen/templates.go:142.62,145.40 2 1
github.com/tempusfrangit/go-xdr/tools/xdrgen/templates.go:145.40,152.28 2 1
github.com/tempusfrangit/go-xdr/tools/xdrgen/templates.go:152.28,155.18 2 0
github.com/tempusfrangit/go-xdr/tools/xdrgen/templates.go:155.18,157.5 1 0
github.com/tempusfrangit/go-xdr/tools/xdrgen/templates.go:158.4,158.37 1 0
github.com/tempusfrangit/go-xdr/tools/xdrgen/templates.go:159.9,159.34 1 1
github.com/tempusfrangit/go-xdr/tools/xdrgen/templates.go:159.34,162.18 2 0
github.com/tempusfrangit/go-xdr/tools/xdrgen/templates.go:162.18,164.5 1 0
github.com/tempusfrangit/go-xdr/tools/xdrgen/templates.go:165.4,165.37 1 0
github.com/tempusfrangit/go-xdr/tools/xdrgen/templates.go:166.9,169.18 2 1
github.com/tempusfrangit/go-xdr/tools/xdrgen/templates.go:169.18,171.5 1 0
github.com/tempusfrangit/go-xdr/tools/xdrgen/templates.go:172.4,172.37 1 1
github.com/tempusfrangit/go-xdr/tools/xdrgen/templates.go:175.3,175.37 1 1
github.com/tempusfrangit/go-xdr/tools/xdrgen/templates.go:178.2,182.63 2 1
github.com/tempusfrangit/go-xdr/tools/xdrgen/templates.go:186.62,189.40 2 1
github.com/tempusfrangit/go-xdr/tools/xdrgen/templates.go:189.40,196.28 2 1
github.com/tempusfrangit/go-xdr/tools/xdrgen/templates.go:196.28,199.18 2 0
github.com/tempusfrangit/go-xdr/tools/xdrgen/templates.go:199.18,201.5 1 0
github.com/tempusfrangit/go-xdr/tools/xdrgen/templates.go:202.4,202.37 1 0
github.com/tempusfrangit/go-xdr/tools/xdrgen/templates.go:203.9,203.34 1 1
github.com/tempusfrangit/go-xdr/tools/xdrgen/templates.go:203.34,206.18 2 0
github.com/tempusfrangit/go-xdr/tools/xdrgen/templates.go:206.18,208.5 1 0
github.com/tempusfrangit/go-xdr/tools/xdrgen/templates.go:209.4,209.37 1 0
github.com/tempusfrangit/go-xdr/tools/xdrgen/templates.go:210.9,213.18 2 1
github.com/tempusfrangit/go-xdr/tools/xdrgen/templates.go:213.18,215.5 1 0
github.com/tempusfrangit/go-xdr/tools/xdrgen/templates.go:216.4,216.37 1 1
github.com/tempusfrangit/go-xdr/tools/xdrgen/templates.go:219.3,219.37 1 1
github.com/tempusfrangit/go-xdr/tools/xdrgen/templates.go:222.2,226.63 2 1
github.com/tempusfrangit/go-xdr/tools/xdrgen/templates.go:230.57,235.2 2 1
github.com/tempusfrangit/go-xdr/tools/xdrgen/templates.go:240.63,242.31 1 1
github.com/tempusfrangit/go-xdr/tools/xdrgen/templates.go:242.31,247.3 2 1
github.com/tempusfrangit/go-xdr/tools/xdrgen/templates.go:250.2,250.30 1 1
github.com/tempusfrangit/go-xdr/tools/xdrgen/templates.go:250.30,258.3 3 1
github.com/tempusfrangit/go-xdr/tools/xdrgen/templates.go:260.2,261.18 2 1
github.com/tempusfrangit/go-xdr/tools/xdrgen/templates.go:261.18,263.3 1 1
github.com/tempusfrangit/go-xdr/tools/xdrgen/templates.go:265.2,269.68 2 1
github.com/tempusfrangit/go-xdr/tools/xdrgen/templates.go:273.63,275.31 1 1
github.com/tempusfrangit/go-xdr/tools/xdrgen/templates.go:275.31,280.3 2 1
github.com/tempusfrangit/go-xdr/tools/xdrgen/templates.go:283.2,283.30 1 1
github.com/tempusfrangit/go-xdr/tools/xdrgen/templates.go:283.30,291.3 3 1
github.com/tempusfrangit/go-xdr/tools/xdrgen/templates.go:293.2,294.18 2 1
github.com/tempusfrangit/go-xdr/tools/xdrgen/templates.go:294.18,296.3 1 1
github.com/tempusfrangit/go-xdr/tools/xdrgen/templates.go:298.2,303.68 2 1
github.com/tempusfrangit/go-xdr/tools/xdrgen/templates.go:307.84,309.29 2 1
github.com/tempusfrangit/go-xdr/tools/xdrgen/templates.go:309.29,311.3 1 1
github.com/tempusfrangit/go-xdr/tools/xdrgen/templates.go:313.2,316.34 3 1
github.com/tempusfrangit/go-xdr/tools/xdrgen/templates.go:316.34,318.42 2 1
github.com/tempusfrangit/go-xdr/tools/xdrgen/templates.go:318.42,319.26 1 1
github.com/tempusfrangit/go-xdr/tools/xdrgen/templates.go:319.26,321.5 1 1
github.com/tempusfrangit/go-xdr/tools/xdrgen/templates.go:321.10,323.5 1 1
github.com/tempusfrangit/go-xdr/tools/xdrgen/templates.go:326.3,329.23 3 1
github.com/tempusfrangit/go-xdr/tools/xdrgen/templates.go:329.23,331.4 1 1
github.com/tempusfrangit/go-xdr/tools/xdrgen/templates.go:331.9,333.30 1 1
github.com/tempusfrangit/go-xdr/tools/xdrgen/templates.go:333.30,337.5 1 1
github.com/tempusfrangit/go-xdr/tools/xdrgen/templates.go:337.10,341.5 1 1
github.com/tempusfrangit/go-xdr/tools/xdrgen/templates.go:344.3,344.17 1 1
github.com/tempusfrangit/go-xdr/tools/xdrgen/templates.go:344.17,346.4 1 0
github.com/tempusfrangit/go-xdr/tools/xdrgen/templates.go:348.3,352.5 1 1
github.com/tempusfrangit/go-xdr/tools/xdrgen/templates.go:355.2,361.62 2 1
github.com/tempusfrangit/go-xdr/tools/xdrgen/templates.go:365.84,367.29 2 1
github.com/tempusfrangit/go-xdr/tools/xdrgen/templates.go:367.29,369.3 1 1
github.com/tempusfrangit/go-xdr/tools/xdrgen/templates.go:371.2,374.34 3 1
github.com/tempusfrangit/go-xdr/tools/xdrgen/templates.go:374.34,376.42 2 1
github.com/tempusfrangit/go-xdr/tools/xdrgen/templates.go:376.42,377.26 1 1
github.com/tempusfrangit/go-xdr/tools/xdrgen/templates.go:377.26,379.5 1 1
github.com/tempusfrangit/go-xdr/tools/xdrgen/templates.go:379.10,381.5 1 1
github.com/tempusfrangit/go-xdr/tools/xdrgen/templates.go:384.3,387.23 3 1
github.com/tempusfrangit/go-xdr/tools/xdrgen/templates.go:387.23,389.4 1 1
github.com/tempusfrangit/go-xdr/tools/xdrgen/templates.go:389.9,391.30 1 1
github.com/tempusfrangit/go-xdr/tools/xdrgen/templates.go:391.30,395.5 1 1
github.com/tempusfrangit/go-xdr/tools/xdrgen/templates.go:395.10,400.5 1 1
github.com/tempusfrangit/go-xdr/tools/xdrgen/templates.go:403.3,403.17 1 1
github.com/tempusfrangit/go-xdr/tools/xdrgen/templates.go:403.17,405.4 1 0
github.com/tempusfrangit/go-xdr/tools/xdrgen/templates.go:407.3,411.5 1 1
github.com/tempusfrangit/go-xdr/tools/xdrgen/templates.go:414.2,420.62 2 1
github.com/tempusfrangit/go-xdr/tools/xdrgen/templates.go:424.45,425.17 1 1
github.com/tempusfrangit/go-xdr/tools/xdrgen/templates.go:426.32,427.24 1 1
github.com/tempusfrangit/go-xdr/tools/xdrgen/templates.go:428.16,429.24 1 1
github.com/tempusfrangit/go-xdr/tools/xdrgen/templates.go:430.15,431.23 1 1
github.com/tempusfrangit/go-xdr/tools/xdrgen/templates.go:432.16,433.24 1 1
github.com/tempusfrangit/go-xdr/tools/xdrgen/templates.go:434.15,435.23 1 1
github.com/tempusfrangit/go-xdr/tools/xdrgen/templates.go:436.14,437.22 1 1
github.com/tempusfrangit/go-xdr/tools/xdrgen/templates.go:438.16,439.18 1 1
github.com/tempusfrangit/go-xdr/tools/xdrgen/templates.go:440.10,441.12 1 1
github.com/tempusfrangit/go-xdr/tools/xdrgen/templates.go:446.45,447.17 1 1
github.com/tempusfrangit/go-xdr/tools/xdrgen/templates.go:448.32,449.24 1 1
github.com/tempusfrangit/go-xdr/tools/xdrgen/templates.go:450.16,451.24 1 1
github.com/tempusfrangit/go-xdr/tools/xdrgen/templates.go:452.15,453.23 1 1
github.com/tempusfrangit/go-xdr/tools/xdrgen/templates.go:454.16,455.24 1 1
github.com/tempusfrangit/go-xdr/tools/xdrgen/templates.go:456.15,457.23 1 1
github.com/tempusfrangit/go-xdr/tools/xdrgen/templates.go:458.14,459.22 1 1
github.com/tempusfrangit/go-xdr/tools/xdrgen/templates.go:460.16,461.18 1 1
github.com/tempusfrangit/go-xdr/tools/xdrgen/templates.go:462.10,463.12 1 1
