mode: set
github.com/tempusfrangit/go-xdr/tools/xdrgen/main.go:99.39,100.13 1 0
github.com/tempusfrangit/go-xdr/tools/xdrgen/main.go:100.13,102.3 1 0
github.com/tempusfrangit/go-xdr/tools/xdrgen/main.go:106.41,107.11 1 0
github.com/tempusfrangit/go-xdr/tools/xdrgen/main.go:107.11,109.3 1 0
github.com/tempusfrangit/go-xdr/tools/xdrgen/main.go:145.41,147.2 1 0
github.com/tempusfrangit/go-xdr/tools/xdrgen/main.go:150.37,151.15 1 1
github.com/tempusfrangit/go-xdr/tools/xdrgen/main.go:151.15,153.3 1 1
github.com/tempusfrangit/go-xdr/tools/xdrgen/main.go:156.2,157.20 2 1
github.com/tempusfrangit/go-xdr/tools/xdrgen/main.go:157.20,159.3 1 1
github.com/tempusfrangit/go-xdr/tools/xdrgen/main.go:162.2,163.16 2 1
github.com/tempusfrangit/go-xdr/tools/xdrgen/main.go:167.85,168.21 1 1
github.com/tempusfrangit/go-xdr/tools/xdrgen/main.go:168.21,170.3 1 1
github.com/tempusfrangit/go-xdr/tools/xdrgen/main.go:171.2,171.23 1 1
github.com/tempusfrangit/go-xdr/tools/xdrgen/main.go:171.23,173.3 1 1
github.com/tempusfrangit/go-xdr/tools/xdrgen/main.go:174.2,174.41 1 1
github.com/tempusfrangit/go-xdr/tools/xdrgen/main.go:174.41,177.34 2 1
github.com/tempusfrangit/go-xdr/tools/xdrgen/main.go:177.34,178.43 1 1
github.com/tempusfrangit/go-xdr/tools/xdrgen/main.go:178.43,180.5 1 1
github.com/tempusfrangit/go-xdr/tools/xdrgen/main.go:182.3,182.34 1 1
github.com/tempusfrangit/go-xdr/tools/xdrgen/main.go:184.2,184.25 1 1
github.com/tempusfrangit/go-xdr/tools/xdrgen/main.go:188.46,189.17 1 1
github.com/tempusfrangit/go-xdr/tools/xdrgen/main.go:190.88,191.14 1 1
github.com/tempusfrangit/go-xdr/tools/xdrgen/main.go:192.10,193.86 1 1
github.com/tempusfrangit/go-xdr/tools/xdrgen/main.go:198.48,201.29 3 0
github.com/tempusfrangit/go-xdr/tools/xdrgen/main.go:201.29,202.18 1 0
github.com/tempusfrangit/go-xdr/tools/xdrgen/main.go:202.18,205.4 2 0
github.com/tempusfrangit/go-xdr/tools/xdrgen/main.go:207.2,207.15 1 0
github.com/tempusfrangit/go-xdr/tools/xdrgen/main.go:211.56,213.33 2 1
github.com/tempusfrangit/go-xdr/tools/xdrgen/main.go:213.33,214.41 1 1
github.com/tempusfrangit/go-xdr/tools/xdrgen/main.go:214.41,217.4 2 1
github.com/tempusfrangit/go-xdr/tools/xdrgen/main.go:219.2,219.16 1 1
github.com/tempusfrangit/go-xdr/tools/xdrgen/main.go:224.53,227.57 2 1
github.com/tempusfrangit/go-xdr/tools/xdrgen/main.go:227.57,229.3 1 1
github.com/tempusfrangit/go-xdr/tools/xdrgen/main.go:231.2,231.29 1 1
github.com/tempusfrangit/go-xdr/tools/xdrgen/main.go:231.29,232.34 1 1
github.com/tempusfrangit/go-xdr/tools/xdrgen/main.go:232.34,234.30 2 1
github.com/tempusfrangit/go-xdr/tools/xdrgen/main.go:234.30,237.24 2 1
github.com/tempusfrangit/go-xdr/tools/xdrgen/main.go:238.23,239.77 1 1
github.com/tempusfrangit/go-xdr/tools/xdrgen/main.go:240.20,241.74 1 1
github.com/tempusfrangit/go-xdr/tools/xdrgen/main.go:247.2,247.16 1 1
github.com/tempusfrangit/go-xdr/tools/xdrgen/main.go:251.47,252.42 1 1
github.com/tempusfrangit/go-xdr/tools/xdrgen/main.go:252.42,253.18 1 1
github.com/tempusfrangit/go-xdr/tools/xdrgen/main.go:253.18,255.4 1 1
github.com/tempusfrangit/go-xdr/tools/xdrgen/main.go:257.2,257.11 1 1
github.com/tempusfrangit/go-xdr/tools/xdrgen/main.go:262.62,263.49 1 1
github.com/tempusfrangit/go-xdr/tools/xdrgen/main.go:263.49,265.3 1 1
github.com/tempusfrangit/go-xdr/tools/xdrgen/main.go:268.2,271.20 3 1
github.com/tempusfrangit/go-xdr/tools/xdrgen/main.go:271.20,273.3 1 1
github.com/tempusfrangit/go-xdr/tools/xdrgen/main.go:275.2,282.28 3 1
github.com/tempusfrangit/go-xdr/tools/xdrgen/main.go:282.28,284.3 1 0
github.com/tempusfrangit/go-xdr/tools/xdrgen/main.go:285.2,288.34 2 1
github.com/tempusfrangit/go-xdr/tools/xdrgen/main.go:288.34,290.17 2 1
github.com/tempusfrangit/go-xdr/tools/xdrgen/main.go:290.17,291.12 1 0
github.com/tempusfrangit/go-xdr/tools/xdrgen/main.go:294.3,294.39 1 1
github.com/tempusfrangit/go-xdr/tools/xdrgen/main.go:294.39,298.27 3 1
github.com/tempusfrangit/go-xdr/tools/xdrgen/main.go:298.27,300.5 1 0
github.com/tempusfrangit/go-xdr/tools/xdrgen/main.go:301.4,303.44 3 1
github.com/tempusfrangit/go-xdr/tools/xdrgen/main.go:304.9,306.4 1 0
github.com/tempusfrangit/go-xdr/tools/xdrgen/main.go:309.2,309.20 1 1
github.com/tempusfrangit/go-xdr/tools/xdrgen/main.go:313.128,318.68 3 0
github.com/tempusfrangit/go-xdr/tools/xdrgen/main.go:318.68,320.10 2 0
github.com/tempusfrangit/go-xdr/tools/xdrgen/main.go:320.10,322.4 1 0
github.com/tempusfrangit/go-xdr/tools/xdrgen/main.go:323.3,323.27 1 0
github.com/tempusfrangit/go-xdr/tools/xdrgen/main.go:324.24,325.22 1 0
github.com/tempusfrangit/go-xdr/tools/xdrgen/main.go:326.19,328.34 1 0
github.com/tempusfrangit/go-xdr/tools/xdrgen/main.go:329.26,331.26 1 0
github.com/tempusfrangit/go-xdr/tools/xdrgen/main.go:332.11,333.36 1 0
github.com/tempusfrangit/go-xdr/tools/xdrgen/main.go:338.2,341.33 3 0
github.com/tempusfrangit/go-xdr/tools/xdrgen/main.go:341.33,342.34 1 0
github.com/tempusfrangit/go-xdr/tools/xdrgen/main.go:342.34,346.46 2 0
github.com/tempusfrangit/go-xdr/tools/xdrgen/main.go:346.46,348.5 1 0
github.com/tempusfrangit/go-xdr/tools/xdrgen/main.go:353.2,353.22 1 0
github.com/tempusfrangit/go-xdr/tools/xdrgen/main.go:353.22,358.3 1 0
github.com/tempusfrangit/go-xdr/tools/xdrgen/main.go:361.2,361.53 1 0
github.com/tempusfrangit/go-xdr/tools/xdrgen/main.go:361.53,363.56 1 0
github.com/tempusfrangit/go-xdr/tools/xdrgen/main.go:363.56,368.4 1 0
github.com/tempusfrangit/go-xdr/tools/xdrgen/main.go:371.3,371.55 1 0
github.com/tempusfrangit/go-xdr/tools/xdrgen/main.go:371.55,373.57 2 0
github.com/tempusfrangit/go-xdr/tools/xdrgen/main.go:373.57,378.5 1 0
github.com/tempusfrangit/go-xdr/tools/xdrgen/main.go:380.4,381.24 2 0
github.com/tempusfrangit/go-xdr/tools/xdrgen/main.go:381.24,386.5 1 0
github.com/tempusfrangit/go-xdr/tools/xdrgen/main.go:386.10,386.31 1 0
github.com/tempusfrangit/go-xdr/tools/xdrgen/main.go:386.31,391.5 1 0
github.com/tempusfrangit/go-xdr/tools/xdrgen/main.go:391.10,393.48 1 0
github.com/tempusfrangit/go-xdr/tools/xdrgen/main.go:393.48,394.26 1 0
github.com/tempusfrangit/go-xdr/tools/xdrgen/main.go:394.26,399.7 1 0
github.com/tempusfrangit/go-xdr/tools/xdrgen/main.go:405.3,405.39 1 0
github.com/tempusfrangit/go-xdr/tools/xdrgen/main.go:405.39,406.61 1 0
github.com/tempusfrangit/go-xdr/tools/xdrgen/main.go:406.61,408.70 2 0
github.com/tempusfrangit/go-xdr/tools/xdrgen/main.go:408.70,410.6 1 0
github.com/tempusfrangit/go-xdr/tools/xdrgen/main.go:416.2,416.23 1 0
github.com/tempusfrangit/go-xdr/tools/xdrgen/main.go:416.23,417.36 1 0
github.com/tempusfrangit/go-xdr/tools/xdrgen/main.go:417.36,420.42 2 0
github.com/tempusfrangit/go-xdr/tools/xdrgen/main.go:420.42,421.22 1 0
github.com/tempusfrangit/go-xdr/tools/xdrgen/main.go:421.22,423.11 2 0
github.com/tempusfrangit/go-xdr/tools/xdrgen/main.go:426.4,426.71 1 0
github.com/tempusfrangit/go-xdr/tools/xdrgen/main.go:426.71,429.25 2 0
github.com/tempusfrangit/go-xdr/tools/xdrgen/main.go:429.25,434.6 1 0
github.com/tempusfrangit/go-xdr/tools/xdrgen/main.go:434.11,434.32 1 0
github.com/tempusfrangit/go-xdr/tools/xdrgen/main.go:434.32,439.6 1 0
github.com/tempusfrangit/go-xdr/tools/xdrgen/main.go:439.11,441.49 1 0
github.com/tempusfrangit/go-xdr/tools/xdrgen/main.go:441.49,442.27 1 0
github.com/tempusfrangit/go-xdr/tools/xdrgen/main.go:442.27,447.8 1 0
github.com/tempusfrangit/go-xdr/tools/xdrgen/main.go:454.2,454.15 1 0
github.com/tempusfrangit/go-xdr/tools/xdrgen/main.go:458.57,461.42 2 0
github.com/tempusfrangit/go-xdr/tools/xdrgen/main.go:461.42,462.66 1 0
github.com/tempusfrangit/go-xdr/tools/xdrgen/main.go:462.66,463.36 1 0
github.com/tempusfrangit/go-xdr/tools/xdrgen/main.go:463.36,464.51 1 0
github.com/tempusfrangit/go-xdr/tools/xdrgen/main.go:464.51,465.43 1 0
github.com/tempusfrangit/go-xdr/tools/xdrgen/main.go:465.43,466.36 1 0
github.com/tempusfrangit/go-xdr/tools/xdrgen/main.go:466.36,467.67 1 0
github.com/tempusfrangit/go-xdr/tools/xdrgen/main.go:467.67,469.9 1 0
github.com/tempusfrangit/go-xdr/tools/xdrgen/main.go:475.3,475.14 1 0
github.com/tempusfrangit/go-xdr/tools/xdrgen/main.go:478.2,478.18 1 0
github.com/tempusfrangit/go-xdr/tools/xdrgen/main.go:482.86,483.42 1 1
github.com/tempusfrangit/go-xdr/tools/xdrgen/main.go:483.42,484.38 1 1
github.com/tempusfrangit/go-xdr/tools/xdrgen/main.go:484.38,485.47 1 1
github.com/tempusfrangit/go-xdr/tools/xdrgen/main.go:485.47,487.33 2 1
github.com/tempusfrangit/go-xdr/tools/xdrgen/main.go:487.33,488.26 1 1
github.com/tempusfrangit/go-xdr/tools/xdrgen/main.go:489.20,490.23 1 1
github.com/tempusfrangit/go-xdr/tools/xdrgen/main.go:491.20,492.23 1 1
github.com/tempusfrangit/go-xdr/tools/xdrgen/main.go:497.3,497.14 1 1
github.com/tempusfrangit/go-xdr/tools/xdrgen/main.go:499.2,499.8 1 1
github.com/tempusfrangit/go-xdr/tools/xdrgen/main.go:503.48,504.26 1 1
github.com/tempusfrangit/go-xdr/tools/xdrgen/main.go:505.21,506.34 1 1
github.com/tempusfrangit/go-xdr/tools/xdrgen/main.go:507.18,508.16 1 1
github.com/tempusfrangit/go-xdr/tools/xdrgen/main.go:509.10,510.12 1 0
github.com/tempusfrangit/go-xdr/tools/xdrgen/main.go:515.49,517.16 2 1
github.com/tempusfrangit/go-xdr/tools/xdrgen/main.go:517.16,519.3 1 0
github.com/tempusfrangit/go-xdr/tools/xdrgen/main.go:521.2,524.29 3 1
github.com/tempusfrangit/go-xdr/tools/xdrgen/main.go:524.29,526.17 2 1
github.com/tempusfrangit/go-xdr/tools/xdrgen/main.go:526.17,527.12 1 1
github.com/tempusfrangit/go-xdr/tools/xdrgen/main.go:531.3,531.45 1 1
github.com/tempusfrangit/go-xdr/tools/xdrgen/main.go:531.45,533.12 2 1
github.com/tempusfrangit/go-xdr/tools/xdrgen/main.go:537.3,537.44 1 1
github.com/tempusfrangit/go-xdr/tools/xdrgen/main.go:537.44,539.12 2 1
github.com/tempusfrangit/go-xdr/tools/xdrgen/main.go:543.3,543.37 1 1
github.com/tempusfrangit/go-xdr/tools/xdrgen/main.go:543.37,544.9 1 1
github.com/tempusfrangit/go-xdr/tools/xdrgen/main.go:548.2,548.18 1 1
github.com/tempusfrangit/go-xdr/tools/xdrgen/main.go:552.93,556.16 3 0
github.com/tempusfrangit/go-xdr/tools/xdrgen/main.go:556.16,558.3 1 0
github.com/tempusfrangit/go-xdr/tools/xdrgen/main.go:559.2,566.29 4 0
github.com/tempusfrangit/go-xdr/tools/xdrgen/main.go:566.29,568.49 2 0
github.com/tempusfrangit/go-xdr/tools/xdrgen/main.go:568.49,571.40 2 0
github.com/tempusfrangit/go-xdr/tools/xdrgen/main.go:571.40,573.52 2 0
github.com/tempusfrangit/go-xdr/tools/xdrgen/main.go:573.52,574.14 1 0
github.com/tempusfrangit/go-xdr/tools/xdrgen/main.go:576.5,577.82 2 0
github.com/tempusfrangit/go-xdr/tools/xdrgen/main.go:577.82,582.6 1 0
github.com/tempusfrangit/go-xdr/tools/xdrgen/main.go:583.5,583.10 1 0
github.com/tempusfrangit/go-xdr/tools/xdrgen/main.go:585.4,585.13 1 0
github.com/tempusfrangit/go-xdr/tools/xdrgen/main.go:585.13,590.5 1 0
github.com/tempusfrangit/go-xdr/tools/xdrgen/main.go:592.3,592.53 1 0
github.com/tempusfrangit/go-xdr/tools/xdrgen/main.go:592.53,594.4 1 0
github.com/tempusfrangit/go-xdr/tools/xdrgen/main.go:599.2,600.16 2 0
github.com/tempusfrangit/go-xdr/tools/xdrgen/main.go:600.16,602.3 1 0
github.com/tempusfrangit/go-xdr/tools/xdrgen/main.go:605.2,605.42 1 0
github.com/tempusfrangit/go-xdr/tools/xdrgen/main.go:605.42,606.40 1 0
github.com/tempusfrangit/go-xdr/tools/xdrgen/main.go:606.40,608.4 1 0
github.com/tempusfrangit/go-xdr/tools/xdrgen/main.go:609.3,609.14 1 0
github.com/tempusfrangit/go-xdr/tools/xdrgen/main.go:612.2,618.42 3 0
github.com/tempusfrangit/go-xdr/tools/xdrgen/main.go:618.42,619.40 1 0
github.com/tempusfrangit/go-xdr/tools/xdrgen/main.go:619.40,620.24 1 0
github.com/tempusfrangit/go-xdr/tools/xdrgen/main.go:620.24,623.5 2 0
github.com/tempusfrangit/go-xdr/tools/xdrgen/main.go:625.3,625.14 1 0
github.com/tempusfrangit/go-xdr/tools/xdrgen/main.go:629.2,632.45 2 0
github.com/tempusfrangit/go-xdr/tools/xdrgen/main.go:632.45,633.45 1 0
github.com/tempusfrangit/go-xdr/tools/xdrgen/main.go:633.45,635.82 2 0
github.com/tempusfrangit/go-xdr/tools/xdrgen/main.go:635.82,639.24 2 0
github.com/tempusfrangit/go-xdr/tools/xdrgen/main.go:639.24,642.33 2 0
github.com/tempusfrangit/go-xdr/tools/xdrgen/main.go:642.33,645.15 1 0
github.com/tempusfrangit/go-xdr/tools/xdrgen/main.go:647.6,647.42 1 0
github.com/tempusfrangit/go-xdr/tools/xdrgen/main.go:654.2,655.45 2 0
github.com/tempusfrangit/go-xdr/tools/xdrgen/main.go:655.45,656.45 1 0
github.com/tempusfrangit/go-xdr/tools/xdrgen/main.go:656.45,658.119 2 0
github.com/tempusfrangit/go-xdr/tools/xdrgen/main.go:658.119,660.10 2 0
github.com/tempusfrangit/go-xdr/tools/xdrgen/main.go:663.3,663.25 1 0
github.com/tempusfrangit/go-xdr/tools/xdrgen/main.go:663.25,664.9 1 0
github.com/tempusfrangit/go-xdr/tools/xdrgen/main.go:670.2,670.56 1 0
github.com/tempusfrangit/go-xdr/tools/xdrgen/main.go:670.56,672.3 1 0
github.com/tempusfrangit/go-xdr/tools/xdrgen/main.go:674.2,674.42 1 0
github.com/tempusfrangit/go-xdr/tools/xdrgen/main.go:674.42,675.40 1 0
github.com/tempusfrangit/go-xdr/tools/xdrgen/main.go:675.40,676.57 1 0
github.com/tempusfrangit/go-xdr/tools/xdrgen/main.go:676.57,683.27 3 0
github.com/tempusfrangit/go-xdr/tools/xdrgen/main.go:683.27,685.51 1 0
github.com/tempusfrangit/go-xdr/tools/xdrgen/main.go:685.51,686.27 1 0
github.com/tempusfrangit/go-xdr/tools/xdrgen/main.go:686.27,688.41 2 0
github.com/tempusfrangit/go-xdr/tools/xdrgen/main.go:688.41,690.14 2 0
github.com/tempusfrangit/go-xdr/tools/xdrgen/main.go:694.11,697.6 1 0
github.com/tempusfrangit/go-xdr/tools/xdrgen/main.go:699.5,699.24 1 0
github.com/tempusfrangit/go-xdr/tools/xdrgen/main.go:699.24,701.6 1 0
github.com/tempusfrangit/go-xdr/tools/xdrgen/main.go:704.5,705.31 2 0
github.com/tempusfrangit/go-xdr/tools/xdrgen/main.go:705.31,708.6 2 0
github.com/tempusfrangit/go-xdr/tools/xdrgen/main.go:709.5,709.31 1 0
github.com/tempusfrangit/go-xdr/tools/xdrgen/main.go:709.31,713.6 1 0
github.com/tempusfrangit/go-xdr/tools/xdrgen/main.go:715.5,715.50 1 0
github.com/tempusfrangit/go-xdr/tools/xdrgen/main.go:715.50,716.39 1 0
github.com/tempusfrangit/go-xdr/tools/xdrgen/main.go:716.39,723.27 2 0
github.com/tempusfrangit/go-xdr/tools/xdrgen/main.go:723.27,726.8 1 0
github.com/tempusfrangit/go-xdr/tools/xdrgen/main.go:728.7,733.23 4 0
github.com/tempusfrangit/go-xdr/tools/xdrgen/main.go:733.23,736.8 1 0
github.com/tempusfrangit/go-xdr/tools/xdrgen/main.go:739.7,739.24 1 0
github.com/tempusfrangit/go-xdr/tools/xdrgen/main.go:739.24,740.16 1 0
github.com/tempusfrangit/go-xdr/tools/xdrgen/main.go:744.7,744.28 1 0
github.com/tempusfrangit/go-xdr/tools/xdrgen/main.go:744.28,747.19 2 0
github.com/tempusfrangit/go-xdr/tools/xdrgen/main.go:747.19,751.23 3 0
github.com/tempusfrangit/go-xdr/tools/xdrgen/main.go:751.23,754.10 1 0
github.com/tempusfrangit/go-xdr/tools/xdrgen/main.go:756.8,757.53 2 0
github.com/tempusfrangit/go-xdr/tools/xdrgen/main.go:758.13,760.8 1 0
github.com/tempusfrangit/go-xdr/tools/xdrgen/main.go:763.7,769.16 5 0
github.com/tempusfrangit/go-xdr/tools/xdrgen/main.go:769.16,773.8 2 0
github.com/tempusfrangit/go-xdr/tools/xdrgen/main.go:774.7,774.18 1 0
github.com/tempusfrangit/go-xdr/tools/xdrgen/main.go:774.18,777.8 1 0
github.com/tempusfrangit/go-xdr/tools/xdrgen/main.go:780.7,780.49 1 0
github.com/tempusfrangit/go-xdr/tools/xdrgen/main.go:780.49,783.8 1 0
github.com/tempusfrangit/go-xdr/tools/xdrgen/main.go:785.7,785.59 1 0
github.com/tempusfrangit/go-xdr/tools/xdrgen/main.go:790.5,790.38 1 0
github.com/tempusfrangit/go-xdr/tools/xdrgen/main.go:790.38,792.25 1 0
github.com/tempusfrangit/go-xdr/tools/xdrgen/main.go:792.25,793.45 1 0
github.com/tempusfrangit/go-xdr/tools/xdrgen/main.go:793.45,795.22 2 0
github.com/tempusfrangit/go-xdr/tools/xdrgen/main.go:795.22,797.9 1 0
github.com/tempusfrangit/go-xdr/tools/xdrgen/main.go:798.8,798.30 1 0
github.com/tempusfrangit/go-xdr/tools/xdrgen/main.go:798.30,800.42 1 0
github.com/tempusfrangit/go-xdr/tools/xdrgen/main.go:800.42,802.56 1 0
github.com/tempusfrangit/go-xdr/tools/xdrgen/main.go:802.56,804.11 1 0
github.com/tempusfrangit/go-xdr/tools/xdrgen/main.go:806.9,807.14 2 0
github.com/tempusfrangit/go-xdr/tools/xdrgen/main.go:813.5,813.33 1 0
github.com/tempusfrangit/go-xdr/tools/xdrgen/main.go:813.33,815.6 1 0
github.com/tempusfrangit/go-xdr/tools/xdrgen/main.go:818.3,818.14 1 0
github.com/tempusfrangit/go-xdr/tools/xdrgen/main.go:825.2,828.33 2 0
github.com/tempusfrangit/go-xdr/tools/xdrgen/main.go:828.33,829.37 1 0
github.com/tempusfrangit/go-xdr/tools/xdrgen/main.go:829.37,831.35 1 0
github.com/tempusfrangit/go-xdr/tools/xdrgen/main.go:831.35,833.46 2 0
github.com/tempusfrangit/go-xdr/tools/xdrgen/main.go:833.46,839.6 1 0
github.com/tempusfrangit/go-xdr/tools/xdrgen/main.go:841.5,841.71 1 0
github.com/tempusfrangit/go-xdr/tools/xdrgen/main.go:841.71,843.6 1 0
github.com/tempusfrangit/go-xdr/tools/xdrgen/main.go:849.2,849.23 1 0
github.com/tempusfrangit/go-xdr/tools/xdrgen/main.go:849.23,850.36 1 0
github.com/tempusfrangit/go-xdr/tools/xdrgen/main.go:850.36,854.42 3 0
github.com/tempusfrangit/go-xdr/tools/xdrgen/main.go:854.42,855.20 1 0
github.com/tempusfrangit/go-xdr/tools/xdrgen/main.go:855.20,857.6 1 0
github.com/tempusfrangit/go-xdr/tools/xdrgen/main.go:858.5,858.22 1 0
github.com/tempusfrangit/go-xdr/tools/xdrgen/main.go:858.22,860.6 1 0
github.com/tempusfrangit/go-xdr/tools/xdrgen/main.go:862.4,862.52 1 0
github.com/tempusfrangit/go-xdr/tools/xdrgen/main.go:862.52,865.65 2 0
github.com/tempusfrangit/go-xdr/tools/xdrgen/main.go:865.65,868.38 2 0
github.com/tempusfrangit/go-xdr/tools/xdrgen/main.go:868.38,869.42 1 0
github.com/tempusfrangit/go-xdr/tools/xdrgen/main.go:869.43,871.8 0 0
github.com/tempusfrangit/go-xdr/tools/xdrgen/main.go:871.13,874.8 1 0
github.com/tempusfrangit/go-xdr/tools/xdrgen/main.go:881.2,881.53 1 0
github.com/tempusfrangit/go-xdr/tools/xdrgen/main.go:885.39,886.26 1 1
github.com/tempusfrangit/go-xdr/tools/xdrgen/main.go:887.18,888.16 1 1
github.com/tempusfrangit/go-xdr/tools/xdrgen/main.go:889.25,890.44 1 1
github.com/tempusfrangit/go-xdr/tools/xdrgen/main.go:891.22,892.19 1 1
github.com/tempusfrangit/go-xdr/tools/xdrgen/main.go:892.19,894.4 1 1
github.com/tempusfrangit/go-xdr/tools/xdrgen/main.go:895.3,895.59 1 1
github.com/tempusfrangit/go-xdr/tools/xdrgen/main.go:896.21,897.17 1 1
github.com/tempusfrangit/go-xdr/tools/xdrgen/main.go:898.10,899.30 1 0
github.com/tempusfrangit/go-xdr/tools/xdrgen/main.go:904.57,905.16 1 1
github.com/tempusfrangit/go-xdr/tools/xdrgen/main.go:906.16,907.23 1 1
github.com/tempusfrangit/go-xdr/tools/xdrgen/main.go:908.16,909.22 1 1
github.com/tempusfrangit/go-xdr/tools/xdrgen/main.go:910.16,911.23 1 1
github.com/tempusfrangit/go-xdr/tools/xdrgen/main.go:912.16,913.23 1 1
github.com/tempusfrangit/go-xdr/tools/xdrgen/main.go:914.15,915.22 1 1
github.com/tempusfrangit/go-xdr/tools/xdrgen/main.go:916.15,917.22 1 1
github.com/tempusfrangit/go-xdr/tools/xdrgen/main.go:918.14,919.21 1 1
github.com/tempusfrangit/go-xdr/tools/xdrgen/main.go:920.10,922.75 1 1
github.com/tempusfrangit/go-xdr/tools/xdrgen/main.go:922.75,924.4 1 1
github.com/tempusfrangit/go-xdr/tools/xdrgen/main.go:925.3,925.149 1 1
github.com/tempusfrangit/go-xdr/tools/xdrgen/main.go:929.13,937.22 5 0
github.com/tempusfrangit/go-xdr/tools/xdrgen/main.go:937.22,967.3 29 0
github.com/tempusfrangit/go-xdr/tools/xdrgen/main.go:969.2,971.21 2 0
github.com/tempusfrangit/go-xdr/tools/xdrgen/main.go:971.21,974.3 2 0
github.com/tempusfrangit/go-xdr/tools/xdrgen/main.go:976.2,980.16 3 0
github.com/tempusfrangit/go-xdr/tools/xdrgen/main.go:980.16,982.3 1 0
github.com/tempusfrangit/go-xdr/tools/xdrgen/main.go:985.2,986.46 2 0
github.com/tempusfrangit/go-xdr/tools/xdrgen/main.go:986.46,988.3 1 0
github.com/tempusfrangit/go-xdr/tools/xdrgen/main.go:988.8,990.3 1 0
github.com/tempusfrangit/go-xdr/tools/xdrgen/main.go:992.2,993.16 2 0
github.com/tempusfrangit/go-xdr/tools/xdrgen/main.go:993.16,995.3 1 0
github.com/tempusfrangit/go-xdr/tools/xdrgen/main.go:997.2,997.21 1 0
github.com/tempusfrangit/go-xdr/tools/xdrgen/main.go:997.21,1000.3 2 0
github.com/tempusfrangit/go-xdr/tools/xdrgen/main.go:1003.2,1003.13 1 0
github.com/tempusfrangit/go-xdr/tools/xdrgen/main.go:1003.13,1005.3 1 0
github.com/tempusfrangit/go-xdr/tools/xdrgen/main.go:1008.2,1010.16 3 0
github.com/tempusfrangit/go-xdr/tools/xdrgen/main.go:1010.16,1012.3 1 0
github.com/tempusfrangit/go-xdr/tools/xdrgen/main.go:1014.2,1020.70 3 0
github.com/tempusfrangit/go-xdr/tools/xdrgen/main.go:1020.70,1022.3 1 0
github.com/tempusfrangit/go-xdr/tools/xdrgen/main.go:1025.2,1026.33 2 0
github.com/tempusfrangit/go-xdr/tools/xdrgen/main.go:1026.33,1029.3 2 0
github.com/tempusfrangit/go-xdr/tools/xdrgen/main.go:1032.2,1039.16 4 0
github.com/tempusfrangit/go-xdr/tools/xdrgen/main.go:1039.16,1041.3 1 0
github.com/tempusfrangit/go-xdr/tools/xdrgen/main.go:1044.2,1048.16 3 0
github.com/tempusfrangit/go-xdr/tools/xdrgen/main.go:1048.16,1050.3 1 0
github.com/tempusfrangit/go-xdr/tools/xdrgen/main.go:1051.2,1055.33 3 0
github.com/tempusfrangit/go-xdr/tools/xdrgen/main.go:1055.33,1058.17 2 0
github.com/tempusfrangit/go-xdr/tools/xdrgen/main.go:1058.17,1060.4 1 0
github.com/tempusfrangit/go-xdr/tools/xdrgen/main.go:1061.3,1066.17 4 0
github.com/tempusfrangit/go-xdr/tools/xdrgen/main.go:1066.17,1068.4 1 0
github.com/tempusfrangit/go-xdr/tools/xdrgen/main.go:1069.3,1074.17 4 0
github.com/tempusfrangit/go-xdr/tools/xdrgen/main.go:1074.17,1076.4 1 0
github.com/tempusfrangit/go-xdr/tools/xdrgen/main.go:1077.3,1078.27 2 0
github.com/tempusfrangit/go-xdr/tools/xdrgen/main.go:1082.2,1082.80 1 0
github.com/tempusfrangit/go-xdr/tools/xdrgen/main.go:1082.80,1084.3 1 0
github.com/tempusfrangit/go-xdr/tools/xdrgen/main.go:1086.2,1086.13 1 0
github.com/tempusfrangit/go-xdr/tools/xdrgen/main.go:1086.13,1088.3 1 0
github.com/tempusfrangit/go-xdr/tools/xdrgen/main.go:1092.87,1093.33 1 0
github.com/tempusfrangit/go-xdr/tools/xdrgen/main.go:1093.33,1094.36 1 0
github.com/tempusfrangit/go-xdr/tools/xdrgen/main.go:1094.36,1101.42 5 0
github.com/tempusfrangit/go-xdr/tools/xdrgen/main.go:1101.42,1102.20 1 0
github.com/tempusfrangit/go-xdr/tools/xdrgen/main.go:1102.20,1105.6 2 0
github.com/tempusfrangit/go-xdr/tools/xdrgen/main.go:1106.5,1106.22 1 0
github.com/tempusfrangit/go-xdr/tools/xdrgen/main.go:1106.22,1109.6 2 0
github.com/tempusfrangit/go-xdr/tools/xdrgen/main.go:1113.4,1113.21 1 0
github.com/tempusfrangit/go-xdr/tools/xdrgen/main.go:1113.21,1115.5 1 0
github.com/tempusfrangit/go-xdr/tools/xdrgen/main.go:1116.4,1116.23 1 0
github.com/tempusfrangit/go-xdr/tools/xdrgen/main.go:1116.23,1118.5 1 0
github.com/tempusfrangit/go-xdr/tools/xdrgen/main.go:1121.4,1121.32 1 0
github.com/tempusfrangit/go-xdr/tools/xdrgen/main.go:1121.32,1123.5 1 0
github.com/tempusfrangit/go-xdr/tools/xdrgen/main.go:1125.4,1125.106 1 0
github.com/tempusfrangit/go-xdr/tools/xdrgen/main.go:1128.2,1128.12 1 0
github.com/tempusfrangit/go-xdr/tools/xdrgen/templates.go:66.49,68.16 2 1
github.com/tempusfrangit/go-xdr/tools/xdrgen/templates.go:68.16,70.3 1 0
github.com/tempusfrangit/go-xdr/tools/xdrgen/templates.go:71.2,71.36 1 1
github.com/tempusfrangit/go-xdr/tools/xdrgen/templates.go:75.53,84.41 2 1
github.com/tempusfrangit/go-xdr/tools/xdrgen/templates.go:84.41,84.58 1 0
github.com/tempusfrangit/go-xdr/tools/xdrgen/templates.go:88.2,216.42 2 1
github.com/tempusfrangit/go-xdr/tools/xdrgen/templates.go:216.42,218.17 2 1
github.com/tempusfrangit/go-xdr/tools/xdrgen/templates.go:218.17,220.4 1 0
github.com/tempusfrangit/go-xdr/tools/xdrgen/templates.go:221.3,221.25 1 1
github.com/tempusfrangit/go-xdr/tools/xdrgen/templates.go:224.2,224.52 1 1
github.com/tempusfrangit/go-xdr/tools/xdrgen/templates.go:228.80,231.2 2 1
github.com/tempusfrangit/go-xdr/tools/xdrgen/templates.go:234.83,236.13 2 1
github.com/tempusfrangit/go-xdr/tools/xdrgen/templates.go:236.13,238.3 1 1
github.com/tempusfrangit/go-xdr/tools/xdrgen/templates.go:240.2,241.49 2 1
github.com/tempusfrangit/go-xdr/tools/xdrgen/templates.go:241.49,243.3 1 0
github.com/tempusfrangit/go-xdr/tools/xdrgen/templates.go:245.2,245.26 1 1
github.com/tempusfrangit/go-xdr/tools/xdrgen/templates.go:251.139,260.2 2 1
github.com/tempusfrangit/go-xdr/tools/xdrgen/templates.go:263.82,266.40 2 1
github.com/tempusfrangit/go-xdr/tools/xdrgen/templates.go:266.40,273.20 2 1
github.com/tempusfrangit/go-xdr/tools/xdrgen/templates.go:273.20,276.18 2 1
github.com/tempusfrangit/go-xdr/tools/xdrgen/templates.go:276.18,278.5 1 0
github.com/tempusfrangit/go-xdr/tools/xdrgen/templates.go:279.4,279.37 1 1
github.com/tempusfrangit/go-xdr/tools/xdrgen/templates.go:280.9,280.25 1 1
github.com/tempusfrangit/go-xdr/tools/xdrgen/templates.go:280.25,283.18 2 1
github.com/tempusfrangit/go-xdr/tools/xdrgen/templates.go:283.18,285.5 1 0
github.com/tempusfrangit/go-xdr/tools/xdrgen/templates.go:286.4,286.37 1 1
github.com/tempusfrangit/go-xdr/tools/xdrgen/templates.go:287.9,290.18 2 1
github.com/tempusfrangit/go-xdr/tools/xdrgen/templates.go:290.18,292.5 1 0
github.com/tempusfrangit/go-xdr/tools/xdrgen/templates.go:293.4,293.37 1 1
github.com/tempusfrangit/go-xdr/tools/xdrgen/templates.go:296.3,296.37 1 1
github.com/tempusfrangit/go-xdr/tools/xdrgen/templates.go:299.2,303.53 2 1
github.com/tempusfrangit/go-xdr/tools/xdrgen/templates.go:307.82,310.40 2 1
github.com/tempusfrangit/go-xdr/tools/xdrgen/templates.go:310.40,317.20 2 1
github.com/tempusfrangit/go-xdr/tools/xdrgen/templates.go:317.20,320.18 2 1
github.com/tempusfrangit/go-xdr/tools/xdrgen/templates.go:320.18,322.5 1 0
github.com/tempusfrangit/go-xdr/tools/xdrgen/templates.go:323.4,323.37 1 1
github.com/tempusfrangit/go-xdr/tools/xdrgen/templates.go:324.9,324.25 1 1
github.com/tempusfrangit/go-xdr/tools/xdrgen/templates.go:324.25,327.18 2 1
github.com/tempusfrangit/go-xdr/tools/xdrgen/templates.go:327.18,329.5 1 0
github.com/tempusfrangit/go-xdr/tools/xdrgen/templates.go:330.4,330.37 1 1
github.com/tempusfrangit/go-xdr/tools/xdrgen/templates.go:331.9,334.18 2 1
github.com/tempusfrangit/go-xdr/tools/xdrgen/templates.go:334.18,336.5 1 0
github.com/tempusfrangit/go-xdr/tools/xdrgen/templates.go:337.4,337.37 1 1
github.com/tempusfrangit/go-xdr/tools/xdrgen/templates.go:340.3,340.37 1 1
github.com/tempusfrangit/go-xdr/tools/xdrgen/templates.go:343.2,347.53 2 1
github.com/tempusfrangit/go-xdr/tools/xdrgen/templates.go:351.77,356.2 2 1
github.com/tempusfrangit/go-xdr/tools/xdrgen/templates.go:361.83,363.31 1 1
github.com/tempusfrangit/go-xdr/tools/xdrgen/templates.go:363.31,368.3 2 1
github.com/tempusfrangit/go-xdr/tools/xdrgen/templates.go:371.2,371.30 1 1
github.com/tempusfrangit/go-xdr/tools/xdrgen/templates.go:371.30,379.3 3 1
github.com/tempusfrangit/go-xdr/tools/xdrgen/templates.go:382.2,382.48 1 1
github.com/tempusfrangit/go-xdr/tools/xdrgen/templates.go:382.48,385.33 2 1
github.com/tempusfrangit/go-xdr/tools/xdrgen/templates.go:385.33,387.4 1 1
github.com/tempusfrangit/go-xdr/tools/xdrgen/templates.go:389.3,389.91 1 1
github.com/tempusfrangit/go-xdr/tools/xdrgen/templates.go:389.91,392.4 2 1
github.com/tempusfrangit/go-xdr/tools/xdrgen/templates.go:393.3,394.25 2 1
github.com/tempusfrangit/go-xdr/tools/xdrgen/templates.go:394.25,396.4 1 0
github.com/tempusfrangit/go-xdr/tools/xdrgen/templates.go:399.3,399.50 1 1
github.com/tempusfrangit/go-xdr/tools/xdrgen/templates.go:399.50,403.4 1 1
github.com/tempusfrangit/go-xdr/tools/xdrgen/templates.go:405.3,410.59 2 1
github.com/tempusfrangit/go-xdr/tools/xdrgen/templates.go:413.2,414.18 2 1
github.com/tempusfrangit/go-xdr/tools/xdrgen/templates.go:414.18,416.3 1 1
github.com/tempusfrangit/go-xdr/tools/xdrgen/templates.go:418.2,422.58 2 1
github.com/tempusfrangit/go-xdr/tools/xdrgen/templates.go:426.83,428.31 1 1
github.com/tempusfrangit/go-xdr/tools/xdrgen/templates.go:428.31,433.3 2 1
github.com/tempusfrangit/go-xdr/tools/xdrgen/templates.go:436.2,436.30 1 1
github.com/tempusfrangit/go-xdr/tools/xdrgen/templates.go:436.30,444.3 3 1
github.com/tempusfrangit/go-xdr/tools/xdrgen/templates.go:447.2,447.48 1 1
github.com/tempusfrangit/go-xdr/tools/xdrgen/templates.go:447.48,450.33 2 1
github.com/tempusfrangit/go-xdr/tools/xdrgen/templates.go:450.33,452.4 1 1
github.com/tempusfrangit/go-xdr/tools/xdrgen/templates.go:454.3,454.91 1 1
github.com/tempusfrangit/go-xdr/tools/xdrgen/templates.go:454.91,457.4 2 1
github.com/tempusfrangit/go-xdr/tools/xdrgen/templates.go:458.3,459.25 2 1
github.com/tempusfrangit/go-xdr/tools/xdrgen/templates.go:459.25,461.4 1 0
github.com/tempusfrangit/go-xdr/tools/xdrgen/templates.go:464.3,464.50 1 1
github.com/tempusfrangit/go-xdr/tools/xdrgen/templates.go:464.50,472.4 2 1
github.com/tempusfrangit/go-xdr/tools/xdrgen/templates.go:474.3,480.59 2 1
github.com/tempusfrangit/go-xdr/tools/xdrgen/templates.go:483.2,484.18 2 1
github.com/tempusfrangit/go-xdr/tools/xdrgen/templates.go:484.18,486.3 1 1
github.com/tempusfrangit/go-xdr/tools/xdrgen/templates.go:488.2,493.58 2 1
github.com/tempusfrangit/go-xdr/tools/xdrgen/templates.go:497.104,499.20 2 1
github.com/tempusfrangit/go-xdr/tools/xdrgen/templates.go:499.20,501.3 1 1
github.com/tempusfrangit/go-xdr/tools/xdrgen/templates.go:503.2,503.35 1 1
github.com/tempusfrangit/go-xdr/tools/xdrgen/templates.go:503.35,505.3 1 1
github.com/tempusfrangit/go-xdr/tools/xdrgen/templates.go:507.2,510.58 2 1
github.com/tempusfrangit/go-xdr/tools/xdrgen/templates.go:510.58,515.29 3 1
github.com/tempusfrangit/go-xdr/tools/xdrgen/templates.go:515.29,519.4 1 1
github.com/tempusfrangit/go-xdr/tools/xdrgen/templates.go:519.9,523.4 1 0
github.com/tempusfrangit/go-xdr/tools/xdrgen/templates.go:525.3,525.17 1 1
github.com/tempusfrangit/go-xdr/tools/xdrgen/templates.go:525.17,527.4 1 0
github.com/tempusfrangit/go-xdr/tools/xdrgen/templates.go:529.3,533.5 1 1
github.com/tempusfrangit/go-xdr/tools/xdrgen/templates.go:537.2,537.60 1 1
github.com/tempusfrangit/go-xdr/tools/xdrgen/templates.go:537.60,539.17 2 1
github.com/tempusfrangit/go-xdr/tools/xdrgen/templates.go:539.17,541.4 1 0
github.com/tempusfrangit/go-xdr/tools/xdrgen/templates.go:543.3,547.5 1 1
github.com/tempusfrangit/go-xdr/tools/xdrgen/templates.go:550.2,555.52 2 1
github.com/tempusfrangit/go-xdr/tools/xdrgen/templates.go:559.104,561.20 2 1
github.com/tempusfrangit/go-xdr/tools/xdrgen/templates.go:561.20,563.3 1 1
github.com/tempusfrangit/go-xdr/tools/xdrgen/templates.go:565.2,565.35 1 1
github.com/tempusfrangit/go-xdr/tools/xdrgen/templates.go:565.35,567.3 1 1
github.com/tempusfrangit/go-xdr/tools/xdrgen/templates.go:569.2,572.58 2 1
github.com/tempusfrangit/go-xdr/tools/xdrgen/templates.go:572.58,577.29 3 1
github.com/tempusfrangit/go-xdr/tools/xdrgen/templates.go:577.29,581.4 1 1
github.com/tempusfrangit/go-xdr/tools/xdrgen/templates.go:581.9,586.4 1 0
github.com/tempusfrangit/go-xdr/tools/xdrgen/templates.go:588.3,588.17 1 1
github.com/tempusfrangit/go-xdr/tools/xdrgen/templates.go:588.17,590.4 1 0
github.com/tempusfrangit/go-xdr/tools/xdrgen/templates.go:592.3,596.5 1 1
github.com/tempusfrangit/go-xdr/tools/xdrgen/templates.go:600.2,600.60 1 1
github.com/tempusfrangit/go-xdr/tools/xdrgen/templates.go:600.60,602.17 2 1
github.com/tempusfrangit/go-xdr/tools/xdrgen/templates.go:602.17,604.4 1 0
github.com/tempusfrangit/go-xdr/tools/xdrgen/templates.go:606.3,610.5 1 1
github.com/tempusfrangit/go-xdr/tools/xdrgen/templates.go:613.2,618.52 2 1
github.com/tempusfrangit/go-xdr/tools/xdrgen/templates.go:622.45,623.17 1 1
github.com/tempusfrangit/go-xdr/tools/xdrgen/templates.go:624.16,625.24 1 1
github.com/tempusfrangit/go-xdr/tools/xdrgen/templates.go:626.16,627.24 1 1
github.com/tempusfrangit/go-xdr/tools/xdrgen/templates.go:628.15,629.23 1 1
github.com/tempusfrangit/go-xdr/tools/xdrgen/templates.go:630.15,631.23 1 1
github.com/tempusfrangit/go-xdr/tools/xdrgen/templates.go:632.16,633.24 1 1
github.com/tempusfrangit/go-xdr/tools/xdrgen/templates.go:634.15,635.23 1 1
github.com/tempusfrangit/go-xdr/tools/xdrgen/templates.go:636.14,637.22 1 1
github.com/tempusfrangit/go-xdr/tools/xdrgen/templates.go:638.16,639.18 1 1
github.com/tempusfrangit/go-xdr/tools/xdrgen/templates.go:640.10,642.43 1 1
github.com/tempusfrangit/go-xdr/tools/xdrgen/templates.go:642.43,644.4 1 1
github.com/tempusfrangit/go-xdr/tools/xdrgen/templates.go:645.3,645.12 1 1
github.com/tempusfrangit/go-xdr/tools/xdrgen/templates.go:650.46,651.17 1 1
github.com/tempusfrangit/go-xdr/tools/xdrgen/templates.go:652.16,653.18 1 1
github.com/tempusfrangit/go-xdr/tools/xdrgen/templates.go:654.15,655.18 1 1
github.com/tempusfrangit/go-xdr/tools/xdrgen/templates.go:656.16,657.18 1 1
github.com/tempusfrangit/go-xdr/tools/xdrgen/templates.go:658.16,659.18 1 1
github.com/tempusfrangit/go-xdr/tools/xdrgen/templates.go:660.15,661.17 1 1
github.com/tempusfrangit/go-xdr/tools/xdrgen/templates.go:662.15,663.17 1 1
github.com/tempusfrangit/go-xdr/tools/xdrgen/templates.go:664.14,665.16 1 1
github.com/tempusfrangit/go-xdr/tools/xdrgen/templates.go:666.10,668.43 1 1
github.com/tempusfrangit/go-xdr/tools/xdrgen/templates.go:668.43,671.4 2 1
github.com/tempusfrangit/go-xdr/tools/xdrgen/templates.go:672.3,672.46 1 0
github.com/tempusfrangit/go-xdr/tools/xdrgen/templates.go:677.45,678.17 1 1
github.com/tempusfrangit/go-xdr/tools/xdrgen/templates.go:679.16,680.24 1 1
github.com/tempusfrangit/go-xdr/tools/xdrgen/templates.go:681.16,682.24 1 1
github.com/tempusfrangit/go-xdr/tools/xdrgen/templates.go:683.15,684.23 1 1
github.com/tempusfrangit/go-xdr/tools/xdrgen/templates.go:685.15,686.23 1 1
github.com/tempusfrangit/go-xdr/tools/xdrgen/templates.go:687.16,688.24 1 1
github.com/tempusfrangit/go-xdr/tools/xdrgen/templates.go:689.15,690.23 1 1
github.com/tempusfrangit/go-xdr/tools/xdrgen/templates.go:691.14,692.22 1 1
github.com/tempusfrangit/go-xdr/tools/xdrgen/templates.go:693.16,694.18 1 1
github.com/tempusfrangit/go-xdr/tools/xdrgen/templates.go:695.10,697.43 1 1
github.com/tempusfrangit/go-xdr/tools/xdrgen/templates.go:697.43,699.4 1 1
github.com/tempusfrangit/go-xdr/tools/xdrgen/templates.go:700.3,700.12 1 1
